[2m2020-06-15 01:37:25.230[0;39m [32m INFO[0;39m [35m10000[0;39m [2m---[0;39m [2m[  restartedMain][0;39m [36m.e.DevToolsPropertyDefaultsPostProcessor[0;39m [2m:[0;39m Devtools property defaults active! Set 'spring.devtools.add-properties' to 'false' to disable
[2m2020-06-15 01:37:25.236[0;39m [32m INFO[0;39m [35m10000[0;39m [2m---[0;39m [2m[  restartedMain][0;39m [36m.e.DevToolsPropertyDefaultsPostProcessor[0;39m [2m:[0;39m For additional web related logging consider setting the 'logging.level.web' property to 'DEBUG'
[2m2020-06-15 01:37:26.924[0;39m [32m INFO[0;39m [35m10000[0;39m [2m---[0;39m [2m[  restartedMain][0;39m [36mtrationDelegate$BeanPostProcessorChecker[0;39m [2m:[0;39m Bean 'org.springframework.ws.config.annotation.DelegatingWsConfiguration' of type [org.springframework.ws.config.annotation.DelegatingWsConfiguration$$EnhancerBySpringCGLIB$$76d8c082] is not eligible for getting processed by all BeanPostProcessors (for example: not eligible for auto-proxying)
[2m2020-06-15 01:37:26.964[0;39m [32m INFO[0;39m [35m10000[0;39m [2m---[0;39m [2m[  restartedMain][0;39m [36m.w.s.a.s.AnnotationActionEndpointMapping[0;39m [2m:[0;39m Supporting [WS-Addressing August 2004, WS-Addressing 1.0]
[2m2020-06-15 01:37:27.239[0;39m [32m INFO[0;39m [35m10000[0;39m [2m---[0;39m [2m[  restartedMain][0;39m [36mo.s.b.w.embedded.tomcat.TomcatWebServer [0;39m [2m:[0;39m Tomcat initialized with port(s): 9999 (http)
[2m2020-06-15 01:37:27.363[0;39m [32m INFO[0;39m [35m10000[0;39m [2m---[0;39m [2m[  restartedMain][0;39m [36mo.s.web.context.ContextLoader           [0;39m [2m:[0;39m Root WebApplicationContext: initialization completed in 2127 ms
[2m2020-06-15 01:37:28.074[0;39m [32m INFO[0;39m [35m10000[0;39m [2m---[0;39m [2m[  restartedMain][0;39m [36mo.s.s.concurrent.ThreadPoolTaskExecutor [0;39m [2m:[0;39m Initializing ExecutorService 'applicationTaskExecutor'
[2m2020-06-15 01:37:28.131[0;39m [33m WARN[0;39m [35m10000[0;39m [2m---[0;39m [2m[  restartedMain][0;39m [36mo.s.b.d.a.OptionalLiveReloadServer      [0;39m [2m:[0;39m Unable to start LiveReload server
[2m2020-06-15 01:37:28.528[0;39m [32m INFO[0;39m [35m10000[0;39m [2m---[0;39m [2m[  restartedMain][0;39m [36mo.s.b.w.embedded.tomcat.TomcatWebServer [0;39m [2m:[0;39m Tomcat started on port(s): 9999 (http) with context path '/happyhouse'
[2m2020-06-15 01:37:44.988[0;39m [32m INFO[0;39m [35m10000[0;39m [2m---[0;39m [2m[nio-9999-exec-1][0;39m [36mo.s.web.servlet.DispatcherServlet       [0;39m [2m:[0;39m Initializing Servlet 'dispatcherServlet'
[2m2020-06-15 01:37:44.999[0;39m [32m INFO[0;39m [35m10000[0;39m [2m---[0;39m [2m[nio-9999-exec-1][0;39m [36mo.s.web.servlet.DispatcherServlet       [0;39m [2m:[0;39m Completed initialization in 10 ms
[2m2020-06-15 01:37:45.059[0;39m [32mDEBUG[0;39m [35m10000[0;39m [2m---[0;39m [2m[nio-9999-exec-1][0;39m [36mc.s.happyhouse.controller.QnAController [0;39m [2m:[0;39m retrieveQnA - 호출
[2m2020-06-15 01:37:53.192[0;39m [32mDEBUG[0;39m [35m10000[0;39m [2m---[0;39m [2m[nio-9999-exec-2][0;39m [36mc.s.happyhouse.controller.QnAController [0;39m [2m:[0;39m detailQnA - 호출
[2m2020-06-15 01:37:57.049[0;39m [32mDEBUG[0;39m [35m10000[0;39m [2m---[0;39m [2m[nio-9999-exec-3][0;39m [36mc.s.happyhouse.controller.QnAController [0;39m [2m:[0;39m retrieveQnA - 호출
[2m2020-06-15 01:37:58.198[0;39m [32mDEBUG[0;39m [35m10000[0;39m [2m---[0;39m [2m[nio-9999-exec-4][0;39m [36mc.s.happyhouse.controller.QnAController [0;39m [2m:[0;39m detailQnA - 호출
[2m2020-06-15 01:38:01.720[0;39m [32mDEBUG[0;39m [35m10000[0;39m [2m---[0;39m [2m[nio-9999-exec-5][0;39m [36mc.s.happyhouse.controller.QnAController [0;39m [2m:[0;39m retrieveQnA - 호출
[2m2020-06-15 01:38:02.662[0;39m [32mDEBUG[0;39m [35m10000[0;39m [2m---[0;39m [2m[nio-9999-exec-6][0;39m [36mc.s.happyhouse.controller.QnAController [0;39m [2m:[0;39m detailQnA - 호출
[2m2020-06-15 01:41:23.886[0;39m [32m INFO[0;39m [35m10000[0;39m [2m---[0;39m [2m[on(2)-127.0.0.1][0;39m [36minMXBeanRegistrar$SpringApplicationAdmin[0;39m [2m:[0;39m Application shutdown requested.
[2m2020-06-15 01:41:23.894[0;39m [32m INFO[0;39m [35m10000[0;39m [2m---[0;39m [2m[on(2)-127.0.0.1][0;39m [36mo.s.s.concurrent.ThreadPoolTaskExecutor [0;39m [2m:[0;39m Shutting down ExecutorService 'applicationTaskExecutor'
[2m2020-06-15 15:29:05.075[0;39m [32m INFO[0;39m [35m8264[0;39m [2m---[0;39m [2m[  restartedMain][0;39m [36m.e.DevToolsPropertyDefaultsPostProcessor[0;39m [2m:[0;39m Devtools property defaults active! Set 'spring.devtools.add-properties' to 'false' to disable
[2m2020-06-15 15:29:05.087[0;39m [32m INFO[0;39m [35m8264[0;39m [2m---[0;39m [2m[  restartedMain][0;39m [36m.e.DevToolsPropertyDefaultsPostProcessor[0;39m [2m:[0;39m For additional web related logging consider setting the 'logging.level.web' property to 'DEBUG'
[2m2020-06-15 15:29:06.841[0;39m [32m INFO[0;39m [35m8264[0;39m [2m---[0;39m [2m[  restartedMain][0;39m [36mtrationDelegate$BeanPostProcessorChecker[0;39m [2m:[0;39m Bean 'org.springframework.ws.config.annotation.DelegatingWsConfiguration' of type [org.springframework.ws.config.annotation.DelegatingWsConfiguration$$EnhancerBySpringCGLIB$$90f47ae1] is not eligible for getting processed by all BeanPostProcessors (for example: not eligible for auto-proxying)
[2m2020-06-15 15:29:06.889[0;39m [32m INFO[0;39m [35m8264[0;39m [2m---[0;39m [2m[  restartedMain][0;39m [36m.w.s.a.s.AnnotationActionEndpointMapping[0;39m [2m:[0;39m Supporting [WS-Addressing August 2004, WS-Addressing 1.0]
[2m2020-06-15 15:29:07.221[0;39m [32m INFO[0;39m [35m8264[0;39m [2m---[0;39m [2m[  restartedMain][0;39m [36mo.s.b.w.embedded.tomcat.TomcatWebServer [0;39m [2m:[0;39m Tomcat initialized with port(s): 9999 (http)
[2m2020-06-15 15:29:07.390[0;39m [32m INFO[0;39m [35m8264[0;39m [2m---[0;39m [2m[  restartedMain][0;39m [36mo.s.web.context.ContextLoader           [0;39m [2m:[0;39m Root WebApplicationContext: initialization completed in 2302 ms
[2m2020-06-15 15:29:08.249[0;39m [32m INFO[0;39m [35m8264[0;39m [2m---[0;39m [2m[  restartedMain][0;39m [36mo.s.s.concurrent.ThreadPoolTaskExecutor [0;39m [2m:[0;39m Initializing ExecutorService 'applicationTaskExecutor'
[2m2020-06-15 15:29:08.297[0;39m [33m WARN[0;39m [35m8264[0;39m [2m---[0;39m [2m[  restartedMain][0;39m [36mo.s.b.d.a.OptionalLiveReloadServer      [0;39m [2m:[0;39m Unable to start LiveReload server
[2m2020-06-15 15:29:08.773[0;39m [32m INFO[0;39m [35m8264[0;39m [2m---[0;39m [2m[  restartedMain][0;39m [36mo.s.b.w.embedded.tomcat.TomcatWebServer [0;39m [2m:[0;39m Tomcat started on port(s): 9999 (http) with context path '/happyhouse'
[2m2020-06-15 15:33:16.427[0;39m [32m INFO[0;39m [35m8264[0;39m [2m---[0;39m [2m[nio-9999-exec-1][0;39m [36mo.s.web.servlet.DispatcherServlet       [0;39m [2m:[0;39m Initializing Servlet 'dispatcherServlet'
[2m2020-06-15 15:33:16.441[0;39m [32m INFO[0;39m [35m8264[0;39m [2m---[0;39m [2m[nio-9999-exec-1][0;39m [36mo.s.web.servlet.DispatcherServlet       [0;39m [2m:[0;39m Completed initialization in 13 ms
[2m2020-06-15 15:33:16.508[0;39m [32mDEBUG[0;39m [35m8264[0;39m [2m---[0;39m [2m[nio-9999-exec-1][0;39m [36mc.s.happyhouse.controller.QnAController [0;39m [2m:[0;39m retrieveQnA - 호출
[2m2020-06-15 15:33:57.001[0;39m [32mDEBUG[0;39m [35m8264[0;39m [2m---[0;39m [2m[nio-9999-exec-2][0;39m [36mc.s.happyhouse.controller.QnAController [0;39m [2m:[0;39m detailQnA - 호출
[2m2020-06-15 15:34:04.769[0;39m [32mDEBUG[0;39m [35m8264[0;39m [2m---[0;39m [2m[nio-9999-exec-3][0;39m [36mc.s.happyhouse.controller.QnAController [0;39m [2m:[0;39m retrieveQnA - 호출
[2m2020-06-15 15:34:06.936[0;39m [32mDEBUG[0;39m [35m8264[0;39m [2m---[0;39m [2m[nio-9999-exec-4][0;39m [36mc.s.happyhouse.controller.QnAController [0;39m [2m:[0;39m detailQnA - 호출
[2m2020-06-15 15:34:08.353[0;39m [32mDEBUG[0;39m [35m8264[0;39m [2m---[0;39m [2m[nio-9999-exec-5][0;39m [36mc.s.happyhouse.controller.QnAController [0;39m [2m:[0;39m retrieveQnA - 호출
[2m2020-06-15 15:34:14.549[0;39m [32mDEBUG[0;39m [35m8264[0;39m [2m---[0;39m [2m[nio-9999-exec-6][0;39m [36mc.s.happyhouse.controller.QnAController [0;39m [2m:[0;39m detailQnA - 호출
[2m2020-06-15 15:34:25.096[0;39m [32mDEBUG[0;39m [35m8264[0;39m [2m---[0;39m [2m[nio-9999-exec-8][0;39m [36mc.s.happyhouse.controller.QnAController [0;39m [2m:[0;39m retrieveQnA - 호출
[2m2020-06-15 15:44:43.613[0;39m [32mDEBUG[0;39m [35m8264[0;39m [2m---[0;39m [2m[io-9999-exec-10][0;39m [36mc.s.happyhouse.controller.QnAController [0;39m [2m:[0;39m retrieveQnA - 호출
[2m2020-06-15 16:08:24.055[0;39m [32mDEBUG[0;39m [35m8264[0;39m [2m---[0;39m [2m[nio-9999-exec-1][0;39m [36mc.s.happyhouse.controller.QnAController [0;39m [2m:[0;39m retrieveQnA - 호출
[2m2020-06-15 16:10:08.959[0;39m [32mDEBUG[0;39m [35m8264[0;39m [2m---[0;39m [2m[nio-9999-exec-3][0;39m [36mc.s.happyhouse.controller.QnAController [0;39m [2m:[0;39m retrieveQnA - 호출
[2m2020-06-15 16:10:14.078[0;39m [32mDEBUG[0;39m [35m8264[0;39m [2m---[0;39m [2m[nio-9999-exec-4][0;39m [36mc.s.happyhouse.controller.QnAController [0;39m [2m:[0;39m retrieveQnA - 호출
[2m2020-06-15 16:10:15.100[0;39m [32mDEBUG[0;39m [35m8264[0;39m [2m---[0;39m [2m[nio-9999-exec-5][0;39m [36mc.s.happyhouse.controller.QnAController [0;39m [2m:[0;39m retrieveQnA - 호출
[2m2020-06-15 16:10:21.315[0;39m [32mDEBUG[0;39m [35m8264[0;39m [2m---[0;39m [2m[nio-9999-exec-6][0;39m [36mc.s.happyhouse.controller.QnAController [0;39m [2m:[0;39m retrieveQnA - 호출
[2m2020-06-15 16:10:30.739[0;39m [32mDEBUG[0;39m [35m8264[0;39m [2m---[0;39m [2m[nio-9999-exec-8][0;39m [36mc.s.happyhouse.controller.QnAController [0;39m [2m:[0;39m retrieveQnA - 호출
[2m2020-06-15 16:10:31.818[0;39m [32mDEBUG[0;39m [35m8264[0;39m [2m---[0;39m [2m[nio-9999-exec-7][0;39m [36mc.s.happyhouse.controller.QnAController [0;39m [2m:[0;39m retrieveQnA - 호출
[2m2020-06-15 16:10:32.666[0;39m [32mDEBUG[0;39m [35m8264[0;39m [2m---[0;39m [2m[io-9999-exec-10][0;39m [36mc.s.happyhouse.controller.QnAController [0;39m [2m:[0;39m retrieveQnA - 호출
[2m2020-06-15 16:10:33.451[0;39m [32mDEBUG[0;39m [35m8264[0;39m [2m---[0;39m [2m[nio-9999-exec-9][0;39m [36mc.s.happyhouse.controller.QnAController [0;39m [2m:[0;39m retrieveQnA - 호출
[2m2020-06-15 16:10:53.542[0;39m [32mDEBUG[0;39m [35m8264[0;39m [2m---[0;39m [2m[nio-9999-exec-1][0;39m [36mc.s.happyhouse.controller.QnAController [0;39m [2m:[0;39m retrieveQnA - 호출
[2m2020-06-15 16:11:04.831[0;39m [32mDEBUG[0;39m [35m8264[0;39m [2m---[0;39m [2m[nio-9999-exec-2][0;39m [36mc.s.happyhouse.controller.QnAController [0;39m [2m:[0;39m retrieveQnA - 호출
[2m2020-06-15 16:11:06.943[0;39m [32mDEBUG[0;39m [35m8264[0;39m [2m---[0;39m [2m[nio-9999-exec-3][0;39m [36mc.s.happyhouse.controller.QnAController [0;39m [2m:[0;39m retrieveQnA - 호출
[2m2020-06-15 16:11:53.231[0;39m [32mDEBUG[0;39m [35m8264[0;39m [2m---[0;39m [2m[nio-9999-exec-4][0;39m [36mc.s.happyhouse.controller.QnAController [0;39m [2m:[0;39m retrieveQnA - 호출
[2m2020-06-15 16:11:56.429[0;39m [32mDEBUG[0;39m [35m8264[0;39m [2m---[0;39m [2m[nio-9999-exec-5][0;39m [36mc.s.happyhouse.controller.QnAController [0;39m [2m:[0;39m retrieveQnA - 호출
[2m2020-06-15 16:11:58.169[0;39m [32mDEBUG[0;39m [35m8264[0;39m [2m---[0;39m [2m[nio-9999-exec-6][0;39m [36mc.s.happyhouse.controller.QnAController [0;39m [2m:[0;39m retrieveQnA - 호출
[2m2020-06-15 16:13:07.730[0;39m [32m INFO[0;39m [35m8264[0;39m [2m---[0;39m [2m[n(51)-127.0.0.1][0;39m [36minMXBeanRegistrar$SpringApplicationAdmin[0;39m [2m:[0;39m Application shutdown requested.
[2m2020-06-15 16:13:07.736[0;39m [32m INFO[0;39m [35m8264[0;39m [2m---[0;39m [2m[n(51)-127.0.0.1][0;39m [36mo.s.s.concurrent.ThreadPoolTaskExecutor [0;39m [2m:[0;39m Shutting down ExecutorService 'applicationTaskExecutor'
[2m2020-06-15 16:14:59.878[0;39m [32m INFO[0;39m [35m3660[0;39m [2m---[0;39m [2m[  restartedMain][0;39m [36m.e.DevToolsPropertyDefaultsPostProcessor[0;39m [2m:[0;39m Devtools property defaults active! Set 'spring.devtools.add-properties' to 'false' to disable
[2m2020-06-15 16:14:59.880[0;39m [32m INFO[0;39m [35m3660[0;39m [2m---[0;39m [2m[  restartedMain][0;39m [36m.e.DevToolsPropertyDefaultsPostProcessor[0;39m [2m:[0;39m For additional web related logging consider setting the 'logging.level.web' property to 'DEBUG'
[2m2020-06-15 16:15:00.632[0;39m [32m INFO[0;39m [35m3660[0;39m [2m---[0;39m [2m[  restartedMain][0;39m [36mtrationDelegate$BeanPostProcessorChecker[0;39m [2m:[0;39m Bean 'org.springframework.ws.config.annotation.DelegatingWsConfiguration' of type [org.springframework.ws.config.annotation.DelegatingWsConfiguration$$EnhancerBySpringCGLIB$$3e403a9e] is not eligible for getting processed by all BeanPostProcessors (for example: not eligible for auto-proxying)
[2m2020-06-15 16:15:00.654[0;39m [32m INFO[0;39m [35m3660[0;39m [2m---[0;39m [2m[  restartedMain][0;39m [36m.w.s.a.s.AnnotationActionEndpointMapping[0;39m [2m:[0;39m Supporting [WS-Addressing August 2004, WS-Addressing 1.0]
[2m2020-06-15 16:15:00.839[0;39m [32m INFO[0;39m [35m3660[0;39m [2m---[0;39m [2m[  restartedMain][0;39m [36mo.s.b.w.embedded.tomcat.TomcatWebServer [0;39m [2m:[0;39m Tomcat initialized with port(s): 9999 (http)
[2m2020-06-15 16:15:00.918[0;39m [32m INFO[0;39m [35m3660[0;39m [2m---[0;39m [2m[  restartedMain][0;39m [36mo.s.web.context.ContextLoader           [0;39m [2m:[0;39m Root WebApplicationContext: initialization completed in 1038 ms
[2m2020-06-15 16:15:01.410[0;39m [32m INFO[0;39m [35m3660[0;39m [2m---[0;39m [2m[  restartedMain][0;39m [36mo.s.s.concurrent.ThreadPoolTaskExecutor [0;39m [2m:[0;39m Initializing ExecutorService 'applicationTaskExecutor'
[2m2020-06-15 16:15:01.436[0;39m [33m WARN[0;39m [35m3660[0;39m [2m---[0;39m [2m[  restartedMain][0;39m [36mo.s.b.d.a.OptionalLiveReloadServer      [0;39m [2m:[0;39m Unable to start LiveReload server
[2m2020-06-15 16:15:01.713[0;39m [32m INFO[0;39m [35m3660[0;39m [2m---[0;39m [2m[  restartedMain][0;39m [36mo.s.b.w.embedded.tomcat.TomcatWebServer [0;39m [2m:[0;39m Tomcat started on port(s): 9999 (http) with context path '/happyhouse'
[2m2020-06-15 16:15:42.187[0;39m [32m INFO[0;39m [35m3660[0;39m [2m---[0;39m [2m[nio-9999-exec-1][0;39m [36mo.s.web.servlet.DispatcherServlet       [0;39m [2m:[0;39m Initializing Servlet 'dispatcherServlet'
[2m2020-06-15 16:15:42.191[0;39m [32m INFO[0;39m [35m3660[0;39m [2m---[0;39m [2m[nio-9999-exec-1][0;39m [36mo.s.web.servlet.DispatcherServlet       [0;39m [2m:[0;39m Completed initialization in 4 ms
[2m2020-06-15 16:15:42.212[0;39m [32mDEBUG[0;39m [35m3660[0;39m [2m---[0;39m [2m[nio-9999-exec-1][0;39m [36mc.s.happyhouse.controller.QnAController [0;39m [2m:[0;39m retrieveQnA - 호출
[2m2020-06-15 16:15:48.830[0;39m [32mDEBUG[0;39m [35m3660[0;39m [2m---[0;39m [2m[nio-9999-exec-2][0;39m [36mc.s.happyhouse.controller.QnAController [0;39m [2m:[0;39m retrieveQnA - 호출
[2m2020-06-15 16:15:58.325[0;39m [32mDEBUG[0;39m [35m3660[0;39m [2m---[0;39m [2m[nio-9999-exec-3][0;39m [36mc.s.happyhouse.controller.QnAController [0;39m [2m:[0;39m detailQnA - 호출
[2m2020-06-15 16:15:59.877[0;39m [32mDEBUG[0;39m [35m3660[0;39m [2m---[0;39m [2m[nio-9999-exec-4][0;39m [36mc.s.happyhouse.controller.QnAController [0;39m [2m:[0;39m retrieveQnA - 호출
[2m2020-06-15 17:40:53.329[0;39m [33m WARN[0;39m [35m3660[0;39m [2m---[0;39m [2m[l-1 housekeeper][0;39m [36mcom.zaxxer.hikari.pool.HikariPool       [0;39m [2m:[0;39m HikariPool-1 - Thread starvation or clock leap detected (housekeeper delta=6m10s581ms407µs100ns).
[2m2020-06-15 19:35:55.283[0;39m [33m WARN[0;39m [35m3660[0;39m [2m---[0;39m [2m[l-1 housekeeper][0;39m [36mcom.zaxxer.hikari.pool.HikariPool       [0;39m [2m:[0;39m HikariPool-1 - Thread starvation or clock leap detected (housekeeper delta=1h8m23s665ms818µs100ns).
[2m2020-06-15 19:46:23.322[0;39m [33m WARN[0;39m [35m3660[0;39m [2m---[0;39m [2m[l-1 housekeeper][0;39m [36mcom.zaxxer.hikari.pool.HikariPool       [0;39m [2m:[0;39m HikariPool-1 - Thread starvation or clock leap detected (housekeeper delta=1m28s84ms994µs500ns).
[2m2020-06-15 20:31:56.427[0;39m [32m INFO[0;39m [35m3660[0;39m [2m---[0;39m [2m[(197)-127.0.0.1][0;39m [36minMXBeanRegistrar$SpringApplicationAdmin[0;39m [2m:[0;39m Application shutdown requested.
[2m2020-06-15 20:31:56.433[0;39m [32m INFO[0;39m [35m3660[0;39m [2m---[0;39m [2m[(197)-127.0.0.1][0;39m [36mo.s.s.concurrent.ThreadPoolTaskExecutor [0;39m [2m:[0;39m Shutting down ExecutorService 'applicationTaskExecutor'
